# JRE version: OpenJDK Runtime Environment (17.0.11) (build 17.0.11+0--11852314)
# Java VM: OpenJDK 64-Bit Server VM (17.0.11+0--11852314, mixed mode, tiered, compressed oops, compressed class ptrs, g1 gc, windows-amd64)
GC Precious Log:
 CPUs: 8 total, 8 available
 Memory: 12053M
 Large Page Support: Disabled
 NUMA Support: Disabled
 Compressed Oops: Enabled (32-bit)
 Heap Region Size: 1M
 Heap Min Capacity: 8M
 Heap Initial Capacity: 190M
 Heap Max Capacity: 2G
 Pre-touch: Disabled
 Parallel Workers: 8
 Concurrent Workers: 2
 Concurrent Refinement Workers: 8
 Periodic GC: Disabled
Heap:
 garbage-first heap   total 146432K, used 103711K [0x0000000080000000, 0x0000000100000000)
  region size 1024K, 33 young (33792K), 5 survivors (5120K)
 Metaspace       used 79760K, committed 80384K, reserved 1179648K
  class space    used 10686K, committed 10944K, reserved 1048576K
GC Heap History (20 events):
Event: 8.622 GC heap before
{Heap before GC invocations=17 (full 0):
 garbage-first heap   total 89088K, used 57523K [0x0000000080000000, 0x0000000100000000)
  region size 1024K, 16 young (16384K), 3 survivors (3072K)
 Metaspace       used 63747K, committed 64320K, reserved 1114112K
  class space    used 8623K, committed 8896K, reserved 1048576K
}
Event: 8.624 GC heap after
{Heap after GC invocations=18 (full 0):
 garbage-first heap   total 89088K, used 47086K [0x0000000080000000, 0x0000000100000000)
  region size 1024K, 3 young (3072K), 3 survivors (3072K)
 Metaspace       used 63747K, committed 64320K, reserved 1114112K
  class space    used 8623K, committed 8896K, reserved 1048576K
}
Event: 8.989 GC heap before
{Heap before GC invocations=19 (full 0):
 garbage-first heap   total 89088K, used 78830K [0x0000000080000000, 0x0000000100000000)
  region size 1024K, 22 young (22528K), 3 survivors (3072K)
 Metaspace       used 64537K, committed 65088K, reserved 1114112K
  class space    used 8749K, committed 9024K, reserved 1048576K
}
Event: 8.992 GC heap after
{Heap after GC invocations=20 (full 0):
 garbage-first heap   total 92160K, used 67312K [0x0000000080000000, 0x0000000100000000)
  region size 1024K, 4 young (4096K), 4 survivors (4096K)
 Metaspace       used 64537K, committed 65088K, reserved 1114112K
  class space    used 8749K, committed 9024K, reserved 1048576K
}
Event: 9.002 GC heap before
{Heap before GC invocations=20 (full 0):
 garbage-first heap   total 92160K, used 68336K [0x0000000080000000, 0x0000000100000000)
  region size 1024K, 5 young (5120K), 4 survivors (4096K)
 Metaspace       used 64615K, committed 65152K, reserved 1114112K
  class space    used 8765K, committed 9024K, reserved 1048576K
}
Event: 9.005 GC heap after
{Heap after GC invocations=21 (full 0):
 garbage-first heap   total 92160K, used 67191K [0x0000000080000000, 0x0000000100000000)
  region size 1024K, 1 young (1024K), 1 survivors (1024K)
 Metaspace       used 64615K, committed 65152K, reserved 1114112K
  class space    used 8765K, committed 9024K, reserved 1048576K
}
Event: 9.108 GC heap before
{Heap before GC invocations=21 (full 0):
 garbage-first heap   total 92160K, used 73335K [0x0000000080000000, 0x0000000100000000)
  region size 1024K, 8 young (8192K), 1 survivors (1024K)
 Metaspace       used 65173K, committed 65728K, reserved 1114112K
  class space    used 8851K, committed 9088K, reserved 1048576K
}
Event: 9.109 GC heap after
{Heap after GC invocations=22 (full 0):
 garbage-first heap   total 92160K, used 67231K [0x0000000080000000, 0x0000000100000000)
  region size 1024K, 1 young (1024K), 1 survivors (1024K)
 Metaspace       used 65173K, committed 65728K, reserved 1114112K
  class space    used 8851K, committed 9088K, reserved 1048576K
}
Event: 9.209 GC heap before
{Heap before GC invocations=23 (full 0):
 garbage-first heap   total 121856K, used 75423K [0x0000000080000000, 0x0000000100000000)
  region size 1024K, 9 young (9216K), 1 survivors (1024K)
 Metaspace       used 65726K, committed 66240K, reserved 1114112K
  class space    used 8907K, committed 9152K, reserved 1048576K
}
Event: 9.210 GC heap after
{Heap after GC invocations=24 (full 0):
 garbage-first heap   total 121856K, used 68850K [0x0000000080000000, 0x0000000100000000)
  region size 1024K, 1 young (1024K), 1 survivors (1024K)
 Metaspace       used 65726K, committed 66240K, reserved 1114112K
  class space    used 8907K, committed 9152K, reserved 1048576K
}
Event: 9.251 GC heap before
{Heap before GC invocations=24 (full 0):
 garbage-first heap   total 121856K, used 71922K [0x0000000080000000, 0x0000000100000000)
  region size 1024K, 5 young (5120K), 1 survivors (1024K)
 Metaspace       used 65996K, committed 66560K, reserved 1114112K
  class space    used 8952K, committed 9216K, reserved 1048576K
}
Event: 9.252 GC heap after
{Heap after GC invocations=25 (full 0):
 garbage-first heap   total 146432K, used 68323K [0x0000000080000000, 0x0000000100000000)
  region size 1024K, 1 young (1024K), 1 survivors (1024K)
 Metaspace       used 65996K, committed 66560K, reserved 1114112K
  class space    used 8952K, committed 9216K, reserved 1048576K
}
Event: 9.826 GC heap before
{Heap before GC invocations=25 (full 0):
 garbage-first heap   total 146432K, used 110307K [0x0000000080000000, 0x0000000100000000)
  region size 1024K, 42 young (43008K), 1 survivors (1024K)
 Metaspace       used 70203K, committed 70784K, reserved 1114112K
  class space    used 9431K, committed 9728K, reserved 1048576K
}
Event: 9.828 GC heap after
{Heap after GC invocations=26 (full 0):
 garbage-first heap   total 146432K, used 69221K [0x0000000080000000, 0x0000000100000000)
  region size 1024K, 2 young (2048K), 2 survivors (2048K)
 Metaspace       used 70203K, committed 70784K, reserved 1114112K
  class space    used 9431K, committed 9728K, reserved 1048576K
}
Event: 10.408 GC heap before
{Heap before GC invocations=27 (full 0):
 garbage-first heap   total 146432K, used 113253K [0x0000000080000000, 0x0000000100000000)
  region size 1024K, 45 young (46080K), 2 survivors (2048K)
 Metaspace       used 74663K, committed 75264K, reserved 1114112K
  class space    used 10017K, committed 10304K, reserved 1048576K
}
Event: 10.411 GC heap after
{Heap after GC invocations=28 (full 0):
 garbage-first heap   total 146432K, used 70545K [0x0000000080000000, 0x0000000100000000)
  region size 1024K, 3 young (3072K), 3 survivors (3072K)
 Metaspace       used 74663K, committed 75264K, reserved 1114112K
  class space    used 10017K, committed 10304K, reserved 1048576K
}
Event: 10.464 GC heap before
{Heap before GC invocations=28 (full 0):
 garbage-first heap   total 146432K, used 73617K [0x0000000080000000, 0x0000000100000000)
  region size 1024K, 7 young (7168K), 3 survivors (3072K)
 Metaspace       used 74902K, committed 75520K, reserved 1114112K
  class space    used 10044K, committed 10304K, reserved 1048576K
}
Event: 10.468 GC heap after
{Heap after GC invocations=29 (full 0):
 garbage-first heap   total 146432K, used 71026K [0x0000000080000000, 0x0000000100000000)
  region size 1024K, 1 young (1024K), 1 survivors (1024K)
 Metaspace       used 74902K, committed 75520K, reserved 1114112K
  class space    used 10044K, committed 10304K, reserved 1048576K
}
Event: 10.871 GC heap before
{Heap before GC invocations=29 (full 0):
 garbage-first heap   total 146432K, used 121202K [0x0000000080000000, 0x0000000100000000)
  region size 1024K, 45 young (46080K), 1 survivors (1024K)
 Metaspace       used 77375K, committed 78016K, reserved 1179648K
  class space    used 10387K, committed 10688K, reserved 1048576K
}
Event: 10.874 GC heap after
{Heap after GC invocations=30 (full 0):
 garbage-first heap   total 146432K, used 76063K [0x0000000080000000, 0x0000000100000000)
  region size 1024K, 5 young (5120K), 5 survivors (5120K)
 Metaspace       used 77375K, committed 78016K, reserved 1179648K
  class space    used 10387K, committed 10688K, reserved 1048576K
}

